DEPRECATION WARNING: devise :token_authenticatable is deprecated. Please check Devise 3.1 release notes for more information on how to upgrade. (called from <class:User> at /Volumes/Work/Workspace/rails/thespotnet/app/models/user.rb:11)
DEPRECATION WARNING: devise :token_authenticatable is deprecated. Please check Devise 3.1 release notes for more information on how to upgrade. (called from <class:User> at /Volumes/Work/Workspace/rails/thespotnet/app/models/user.rb:10)
Overwriting existing field avatar in class User.


Started GET "/" for 127.0.0.1 at 2014-06-24 13:09:12 +0800
Processing by HomeController#index as HTML
  Rendered home/index.html.haml within layouts/application (3.4ms)
Completed 500 Internal Server Error in 89ms

Sprockets::FileNotFound - couldn't find file 'bxslider'
  (in /Volumes/Work/Workspace/rails/thespotnet/app/assets/stylesheets/application.css:12):
  sprockets (2.11.0) lib/sprockets/context.rb:106:in `resolve'
  sprockets (2.11.0) lib/sprockets/context.rb:146:in `require_asset'
  sprockets (2.11.0) lib/sprockets/directive_processor.rb:217:in `process_require_directive'
  sprockets (2.11.0) lib/sprockets/directive_processor.rb:167:in `block in process_directives'
  sprockets (2.11.0) lib/sprockets/directive_processor.rb:165:in `process_directives'
  sprockets (2.11.0) lib/sprockets/directive_processor.rb:99:in `evaluate'
  tilt (1.4.1) lib/tilt/template.rb:103:in `render'
  sprockets (2.11.0) lib/sprockets/context.rb:197:in `block in evaluate'
  sprockets (2.11.0) lib/sprockets/context.rb:194:in `evaluate'
  sprockets (2.11.0) lib/sprockets/processed_asset.rb:12:in `initialize'
  sprockets (2.11.0) lib/sprockets/base.rb:374:in `block in build_asset'
  sprockets (2.11.0) lib/sprockets/base.rb:395:in `circular_call_protection'
  sprockets (2.11.0) lib/sprockets/base.rb:373:in `build_asset'
  sprockets (2.11.0) lib/sprockets/index.rb:94:in `block in build_asset'
  sprockets (2.11.0) lib/sprockets/caching.rb:58:in `cache_asset'
  sprockets (2.11.0) lib/sprockets/index.rb:93:in `build_asset'
  sprockets (2.11.0) lib/sprockets/base.rb:287:in `find_asset'
  sprockets (2.11.0) lib/sprockets/index.rb:61:in `find_asset'
  sprockets (2.11.0) lib/sprockets/bundled_asset.rb:16:in `initialize'
  sprockets (2.11.0) lib/sprockets/base.rb:377:in `build_asset'
  sprockets (2.11.0) lib/sprockets/index.rb:94:in `block in build_asset'
  sprockets (2.11.0) lib/sprockets/caching.rb:58:in `cache_asset'
  sprockets (2.11.0) lib/sprockets/index.rb:93:in `build_asset'
  sprockets (2.11.0) lib/sprockets/base.rb:287:in `find_asset'
  sprockets (2.11.0) lib/sprockets/index.rb:61:in `find_asset'
  sprockets (2.11.0) lib/sprockets/environment.rb:75:in `find_asset'
  sprockets (2.11.0) lib/sprockets/base.rb:295:in `[]'
  sprockets-rails (2.1.3) lib/sprockets/rails/helper.rb:214:in `lookup_asset_for_path'
  sprockets-rails (2.1.3) lib/sprockets/rails/helper.rb:157:in `block in stylesheet_link_tag'
  sprockets-rails (2.1.3) lib/sprockets/rails/helper.rb:155:in `stylesheet_link_tag'
  app/views/layouts/application.html.erb:5:in `_app_views_layouts_application_html_erb___3826223968415263454_70200590757400'
  actionview (4.1.0) lib/action_view/template.rb:145:in `block in render'
  activesupport (4.1.0) lib/active_support/notifications.rb:161:in `instrument'
  actionview (4.1.0) lib/action_view/template.rb:339:in `instrument'
  actionview (4.1.0) lib/action_view/template.rb:143:in `render'
  actionview (4.1.0) lib/action_view/renderer/template_renderer.rb:67:in `render_with_layout'
  actionview (4.1.0) lib/action_view/renderer/template_renderer.rb:53:in `render_template'
  actionview (4.1.0) lib/action_view/renderer/template_renderer.rb:17:in `render'
  actionview (4.1.0) lib/action_view/renderer/renderer.rb:42:in `render_template'
  actionview (4.1.0) lib/action_view/renderer/renderer.rb:23:in `render'
  actionview (4.1.0) lib/action_view/rendering.rb:99:in `_render_template'
  actionpack (4.1.0) lib/action_controller/metal/streaming.rb:217:in `_render_template'
  actionview (4.1.0) lib/action_view/rendering.rb:82:in `render_to_body'
  actionpack (4.1.0) lib/action_controller/metal/rendering.rb:32:in `render_to_body'
  actionpack (4.1.0) lib/action_controller/metal/renderers.rb:32:in `render_to_body'
  actionpack (4.1.0) lib/abstract_controller/rendering.rb:25:in `render'
  actionpack (4.1.0) lib/action_controller/metal/rendering.rb:16:in `render'
  actionpack (4.1.0) lib/action_controller/metal/instrumentation.rb:41:in `block (2 levels) in render'
  activesupport (4.1.0) lib/active_support/core_ext/benchmark.rb:12:in `block in ms'
  /Users/chuigwangming/.rvm/rubies/ruby-2.1.1/lib/ruby/2.1.0/benchmark.rb:294:in `realtime'
  activesupport (4.1.0) lib/active_support/core_ext/benchmark.rb:12:in `ms'
  actionpack (4.1.0) lib/action_controller/metal/instrumentation.rb:41:in `block in render'
  actionpack (4.1.0) lib/action_controller/metal/instrumentation.rb:84:in `cleanup_view_runtime'
  actionpack (4.1.0) lib/action_controller/metal/instrumentation.rb:40:in `render'
  actionpack (4.1.0) lib/action_controller/metal/implicit_render.rb:10:in `default_render'
  actionpack (4.1.0) lib/action_controller/metal/implicit_render.rb:5:in `send_action'
  actionpack (4.1.0) lib/abstract_controller/base.rb:189:in `process_action'
  actionpack (4.1.0) lib/action_controller/metal/rendering.rb:10:in `process_action'
  actionpack (4.1.0) lib/abstract_controller/callbacks.rb:20:in `block in process_action'
  activesupport (4.1.0) lib/active_support/callbacks.rb:113:in `call'
  activesupport (4.1.0) lib/active_support/callbacks.rb:229:in `block in halting'
  activesupport (4.1.0) lib/active_support/callbacks.rb:229:in `block in halting'
  activesupport (4.1.0) lib/active_support/callbacks.rb:166:in `block in halting'
  activesupport (4.1.0) lib/active_support/callbacks.rb:166:in `block in halting'
  activesupport (4.1.0) lib/active_support/callbacks.rb:86:in `run_callbacks'
  actionpack (4.1.0) lib/abstract_controller/callbacks.rb:19:in `process_action'
  actionpack (4.1.0) lib/action_controller/metal/rescue.rb:29:in `process_action'
  actionpack (4.1.0) lib/action_controller/metal/instrumentation.rb:31:in `block in process_action'
  activesupport (4.1.0) lib/active_support/notifications.rb:159:in `block in instrument'
  activesupport (4.1.0) lib/active_support/notifications/instrumenter.rb:20:in `instrument'
  activesupport (4.1.0) lib/active_support/notifications.rb:159:in `instrument'
  actionpack (4.1.0) lib/action_controller/metal/instrumentation.rb:30:in `process_action'
  actionpack (4.1.0) lib/action_controller/metal/params_wrapper.rb:250:in `process_action'
  actionpack (4.1.0) lib/abstract_controller/base.rb:136:in `process'
  actionview (4.1.0) lib/action_view/rendering.rb:30:in `process'
  actionpack (4.1.0) lib/action_controller/metal.rb:195:in `dispatch'
  actionpack (4.1.0) lib/action_controller/metal/rack_delegation.rb:13:in `dispatch'
  actionpack (4.1.0) lib/action_controller/metal.rb:231:in `block in action'
  actionpack (4.1.0) lib/action_dispatch/routing/route_set.rb:80:in `dispatch'
  actionpack (4.1.0) lib/action_dispatch/routing/route_set.rb:48:in `call'
  actionpack (4.1.0) lib/action_dispatch/journey/router.rb:71:in `block in call'
  actionpack (4.1.0) lib/action_dispatch/journey/router.rb:59:in `call'
  actionpack (4.1.0) lib/action_dispatch/routing/route_set.rb:676:in `call'
  omniauth (1.2.1) lib/omniauth/strategy.rb:186:in `call!'
  omniauth (1.2.1) lib/omniauth/strategy.rb:164:in `call'
  omniauth (1.2.1) lib/omniauth/strategy.rb:186:in `call!'
  omniauth (1.2.1) lib/omniauth/strategy.rb:164:in `call'
  omniauth (1.2.1) lib/omniauth/builder.rb:59:in `call'
   () Users/chuigwangming/.rvm/gems/ruby-2.1.1/bundler/gems/simple-captcha-ab5e8aa1e18d/lib/simple_captcha/middleware.rb:20:in `call'
  warden (1.2.3) lib/warden/manager.rb:35:in `block in call'
  warden (1.2.3) lib/warden/manager.rb:34:in `call'
  rack (1.5.2) lib/rack/etag.rb:23:in `call'
  rack (1.5.2) lib/rack/conditionalget.rb:25:in `call'
  rack (1.5.2) lib/rack/head.rb:11:in `call'
  actionpack (4.1.0) lib/action_dispatch/middleware/params_parser.rb:27:in `call'
  actionpack (4.1.0) lib/action_dispatch/middleware/flash.rb:254:in `call'
  rack (1.5.2) lib/rack/session/abstract/id.rb:225:in `context'
  rack (1.5.2) lib/rack/session/abstract/id.rb:220:in `call'
  actionpack (4.1.0) lib/action_dispatch/middleware/cookies.rb:560:in `call'
  actionpack (4.1.0) lib/action_dispatch/middleware/callbacks.rb:29:in `block in call'
  activesupport (4.1.0) lib/active_support/callbacks.rb:82:in `run_callbacks'
  actionpack (4.1.0) lib/action_dispatch/middleware/callbacks.rb:27:in `call'
  actionpack (4.1.0) lib/action_dispatch/middleware/reloader.rb:73:in `call'
  actionpack (4.1.0) lib/action_dispatch/middleware/remote_ip.rb:76:in `call'
  better_errors (1.1.0) lib/better_errors/middleware.rb:84:in `protected_app_call'
  better_errors (1.1.0) lib/better_errors/middleware.rb:79:in `better_errors_call'
  better_errors (1.1.0) lib/better_errors/middleware.rb:56:in `call'
  actionpack (4.1.0) lib/action_dispatch/middleware/debug_exceptions.rb:17:in `call'
  actionpack (4.1.0) lib/action_dispatch/middleware/show_exceptions.rb:30:in `call'
  railties (4.1.0) lib/rails/rack/logger.rb:38:in `call_app'
  railties (4.1.0) lib/rails/rack/logger.rb:20:in `block in call'
  activesupport (4.1.0) lib/active_support/tagged_logging.rb:68:in `block in tagged'
  activesupport (4.1.0) lib/active_support/tagged_logging.rb:26:in `tagged'
  activesupport (4.1.0) lib/active_support/tagged_logging.rb:68:in `tagged'
  railties (4.1.0) lib/rails/rack/logger.rb:20:in `call'
  quiet_assets (1.0.3) lib/quiet_assets.rb:23:in `call_with_quiet_assets'
  actionpack (4.1.0) lib/action_dispatch/middleware/request_id.rb:21:in `call'
  rack (1.5.2) lib/rack/methodoverride.rb:21:in `call'
  rack (1.5.2) lib/rack/runtime.rb:17:in `call'
  activesupport (4.1.0) lib/active_support/cache/strategy/local_cache_middleware.rb:26:in `call'
  rack (1.5.2) lib/rack/lock.rb:17:in `call'
  actionpack (4.1.0) lib/action_dispatch/middleware/static.rb:64:in `call'
  rack (1.5.2) lib/rack/sendfile.rb:112:in `call'
  railties (4.1.0) lib/rails/engine.rb:514:in `call'
  railties (4.1.0) lib/rails/application.rb:144:in `call'
  rack (1.5.2) lib/rack/content_length.rb:14:in `call'
  thin (1.6.2) lib/thin/connection.rb:86:in `block in pre_process'
  thin (1.6.2) lib/thin/connection.rb:84:in `pre_process'
  thin (1.6.2) lib/thin/connection.rb:53:in `process'
  thin (1.6.2) lib/thin/connection.rb:39:in `receive_data'
  eventmachine (1.0.3) lib/eventmachine.rb:187:in `run'
  thin (1.6.2) lib/thin/backends/base.rb:73:in `start'
  thin (1.6.2) lib/thin/server.rb:162:in `start'
  rack (1.5.2) lib/rack/handler/thin.rb:16:in `run'
  rack (1.5.2) lib/rack/server.rb:264:in `start'
  railties (4.1.0) lib/rails/commands/server.rb:69:in `start'
  railties (4.1.0) lib/rails/commands/commands_tasks.rb:81:in `block in server'
  railties (4.1.0) lib/rails/commands/commands_tasks.rb:76:in `server'
  railties (4.1.0) lib/rails/commands/commands_tasks.rb:40:in `run_command!'
  railties (4.1.0) lib/rails/commands.rb:17:in `<top (required)>'
  bin/rails:4:in `<main>'



Started POST "/__better_errors/70200567493920/variables" for 127.0.0.1 at 2014-06-24 13:09:12 +0800


Started GET "/" for 127.0.0.1 at 2014-06-24 13:09:43 +0800
Processing by HomeController#index as HTML
  Rendered home/index.html.haml within layouts/application (0.1ms)
Completed 500 Internal Server Error in 1477ms

Sass::SyntaxError - File to import not found or unreadable: bootstrap-responsive.
Load paths:
  /Volumes/Work/Workspace/rails/thespotnet/app/assets/admin
  /Volumes/Work/Workspace/rails/thespotnet/app/assets/images
  /Volumes/Work/Workspace/rails/thespotnet/app/assets/javascripts
  /Volumes/Work/Workspace/rails/thespotnet/app/assets/stylesheets
  /Volumes/Work/Workspace/rails/thespotnet/vendor/assets/javascripts
  /Volumes/Work/Workspace/rails/thespotnet/vendor/assets/stylesheets
  /Users/chuigwangming/.rvm/gems/ruby-2.1.1/gems/tinymce-rails-imageupload-4.0.16.beta/app/assets/javascripts
  /Users/chuigwangming/.rvm/gems/ruby-2.1.1/gems/tinymce-rails-4.1.0/app/assets/javascripts
  /Users/chuigwangming/.rvm/gems/ruby-2.1.1/gems/tinymce-rails-4.1.0/app/assets/source
  /Users/chuigwangming/.rvm/gems/ruby-2.1.1/gems/tinymce-rails-4.1.0/vendor/assets/javascripts
  /Users/chuigwangming/.rvm/gems/ruby-2.1.1/gems/lazy_high_charts-1.5.4/vendor/assets/javascripts
  /Users/chuigwangming/.rvm/gems/ruby-2.1.1/gems/bootstrap_form-2.1.1/app/assets/stylesheets
  /Users/chuigwangming/.rvm/gems/ruby-2.1.1/gems/bootstrap-datepicker-rails-1.3.0.2/vendor/assets/javascripts
  /Users/chuigwangming/.rvm/gems/ruby-2.1.1/gems/bootstrap-datepicker-rails-1.3.0.2/vendor/assets/stylesheets
  /Users/chuigwangming/.rvm/gems/ruby-2.1.1/gems/bootstrap-sass-3.1.1.1/vendor/assets/fonts
  /Users/chuigwangming/.rvm/gems/ruby-2.1.1/gems/bootstrap-sass-3.1.1.1/vendor/assets/javascripts
  /Users/chuigwangming/.rvm/gems/ruby-2.1.1/gems/bootstrap-sass-3.1.1.1/vendor/assets/stylesheets
  /Users/chuigwangming/.rvm/gems/ruby-2.1.1/gems/parsley-rails-2.0.2.0/vendor/assets/javascripts
  /Users/chuigwangming/.rvm/gems/ruby-2.1.1/gems/parsley-rails-2.0.2.0/vendor/assets/stylesheets
  /Users/chuigwangming/.rvm/gems/ruby-2.1.1/gems/turbolinks-2.2.2/lib/assets/javascripts
  /Users/chuigwangming/.rvm/gems/ruby-2.1.1/gems/jquery-rails-3.1.1/vendor/assets/javascripts
  /Users/chuigwangming/.rvm/gems/ruby-2.1.1/gems/bootstrap-sass-3.1.1.1/vendor/assets/stylesheets
  (in /Volumes/Work/Workspace/rails/thespotnet/app/assets/stylesheets/bootstrap_and_overrides.css.scss:3):
  sass (3.2.19) lib/sass/tree/import_node.rb:67:in `rescue in import'
  sass (3.2.19) lib/sass/tree/import_node.rb:45:in `import'
  sass (3.2.19) lib/sass/tree/import_node.rb:28:in `imported_file'
  sass (3.2.19) lib/sass/tree/import_node.rb:37:in `css_import?'
  sass (3.2.19) lib/sass/tree/visitors/perform.rb:217:in `visit_import'
  sass (3.2.19) lib/sass/tree/visitors/base.rb:37:in `visit'
  sass (3.2.19) lib/sass/tree/visitors/perform.rb:100:in `visit'
  sass (3.2.19) lib/sass/tree/visitors/base.rb:53:in `block in visit_children'
  sass (3.2.19) lib/sass/tree/visitors/base.rb:53:in `visit_children'
  sass (3.2.19) lib/sass/tree/visitors/perform.rb:109:in `block in visit_children'
  sass (3.2.19) lib/sass/tree/visitors/perform.rb:121:in `with_environment'
  sass (3.2.19) lib/sass/tree/visitors/perform.rb:108:in `visit_children'
  sass (3.2.19) lib/sass/tree/visitors/base.rb:37:in `block in visit'
  sass (3.2.19) lib/sass/tree/visitors/perform.rb:128:in `visit_root'
  sass (3.2.19) lib/sass/tree/visitors/base.rb:37:in `visit'
  sass (3.2.19) lib/sass/tree/visitors/perform.rb:100:in `visit'
  sass (3.2.19) lib/sass/tree/visitors/perform.rb:7:in `visit'
  sass (3.2.19) lib/sass/tree/root_node.rb:20:in `render'
  sass (3.2.19) lib/sass/engine.rb:315:in `_render'
  sass (3.2.19) lib/sass/engine.rb:262:in `render'
  sprockets (2.11.0) lib/sprockets/sass_template.rb:53:in `evaluate'
  tilt (1.4.1) lib/tilt/template.rb:103:in `render'
  sprockets (2.11.0) lib/sprockets/context.rb:197:in `block in evaluate'
  sprockets (2.11.0) lib/sprockets/context.rb:194:in `evaluate'
  sprockets (2.11.0) lib/sprockets/processed_asset.rb:12:in `initialize'
  sprockets (2.11.0) lib/sprockets/base.rb:374:in `block in build_asset'
  sprockets (2.11.0) lib/sprockets/base.rb:395:in `circular_call_protection'
  sprockets (2.11.0) lib/sprockets/base.rb:373:in `build_asset'
  sprockets (2.11.0) lib/sprockets/index.rb:94:in `block in build_asset'
  sprockets (2.11.0) lib/sprockets/caching.rb:58:in `cache_asset'
  sprockets (2.11.0) lib/sprockets/index.rb:93:in `build_asset'
  sprockets (2.11.0) lib/sprockets/base.rb:287:in `find_asset'
  sprockets (2.11.0) lib/sprockets/index.rb:61:in `find_asset'
  sprockets (2.11.0) lib/sprockets/processed_asset.rb:111:in `block in resolve_dependencies'
  sprockets (2.11.0) lib/sprockets/processed_asset.rb:105:in `resolve_dependencies'
  sprockets (2.11.0) lib/sprockets/processed_asset.rb:97:in `build_required_assets'
  sprockets (2.11.0) lib/sprockets/processed_asset.rb:16:in `initialize'
  sprockets (2.11.0) lib/sprockets/base.rb:374:in `block in build_asset'
  sprockets (2.11.0) lib/sprockets/base.rb:395:in `circular_call_protection'
  sprockets (2.11.0) lib/sprockets/base.rb:373:in `build_asset'
  sprockets (2.11.0) lib/sprockets/index.rb:94:in `block in build_asset'
  sprockets (2.11.0) lib/sprockets/caching.rb:58:in `cache_asset'
  sprockets (2.11.0) lib/sprockets/index.rb:93:in `build_asset'
  sprockets (2.11.0) lib/sprockets/base.rb:287:in `find_asset'
  sprockets (2.11.0) lib/sprockets/index.rb:61:in `find_asset'
  sprockets (2.11.0) lib/sprockets/bundled_asset.rb:16:in `initialize'
  sprockets (2.11.0) lib/sprockets/base.rb:377:in `build_asset'
  sprockets (2.11.0) lib/sprockets/index.rb:94:in `block in build_asset'
  sprockets (2.11.0) lib/sprockets/caching.rb:58:in `cache_asset'
  sprockets (2.11.0) lib/sprockets/index.rb:93:in `build_asset'
  sprockets (2.11.0) lib/sprockets/base.rb:287:in `find_asset'
  sprockets (2.11.0) lib/sprockets/index.rb:61:in `find_asset'
  sprockets (2.11.0) lib/sprockets/environment.rb:75:in `find_asset'
  sprockets (2.11.0) lib/sprockets/base.rb:295:in `[]'
  sprockets-rails (2.1.3) lib/sprockets/rails/helper.rb:214:in `lookup_asset_for_path'
  sprockets-rails (2.1.3) lib/sprockets/rails/helper.rb:157:in `block in stylesheet_link_tag'
  sprockets-rails (2.1.3) lib/sprockets/rails/helper.rb:155:in `stylesheet_link_tag'
  app/views/layouts/application.html.erb:5:in `_app_views_layouts_application_html_erb___3826223968415263454_70200590757400'
  actionview (4.1.0) lib/action_view/template.rb:145:in `block in render'
  activesupport (4.1.0) lib/active_support/notifications.rb:161:in `instrument'
  actionview (4.1.0) lib/action_view/template.rb:339:in `instrument'
  actionview (4.1.0) lib/action_view/template.rb:143:in `render'
  actionview (4.1.0) lib/action_view/renderer/template_renderer.rb:67:in `render_with_layout'
  actionview (4.1.0) lib/action_view/renderer/template_renderer.rb:53:in `render_template'
  actionview (4.1.0) lib/action_view/renderer/template_renderer.rb:17:in `render'
  actionview (4.1.0) lib/action_view/renderer/renderer.rb:42:in `render_template'
  actionview (4.1.0) lib/action_view/renderer/renderer.rb:23:in `render'
  actionview (4.1.0) lib/action_view/rendering.rb:99:in `_render_template'
  actionpack (4.1.0) lib/action_controller/metal/streaming.rb:217:in `_render_template'
  actionview (4.1.0) lib/action_view/rendering.rb:82:in `render_to_body'
  actionpack (4.1.0) lib/action_controller/metal/rendering.rb:32:in `render_to_body'
  actionpack (4.1.0) lib/action_controller/metal/renderers.rb:32:in `render_to_body'
  actionpack (4.1.0) lib/abstract_controller/rendering.rb:25:in `render'
  actionpack (4.1.0) lib/action_controller/metal/rendering.rb:16:in `render'
  actionpack (4.1.0) lib/action_controller/metal/instrumentation.rb:41:in `block (2 levels) in render'
  activesupport (4.1.0) lib/active_support/core_ext/benchmark.rb:12:in `block in ms'
  /Users/chuigwangming/.rvm/rubies/ruby-2.1.1/lib/ruby/2.1.0/benchmark.rb:294:in `realtime'
  activesupport (4.1.0) lib/active_support/core_ext/benchmark.rb:12:in `ms'
  actionpack (4.1.0) lib/action_controller/metal/instrumentation.rb:41:in `block in render'
  actionpack (4.1.0) lib/action_controller/metal/instrumentation.rb:84:in `cleanup_view_runtime'
  actionpack (4.1.0) lib/action_controller/metal/instrumentation.rb:40:in `render'
  actionpack (4.1.0) lib/action_controller/metal/implicit_render.rb:10:in `default_render'
  actionpack (4.1.0) lib/action_controller/metal/implicit_render.rb:5:in `send_action'
  actionpack (4.1.0) lib/abstract_controller/base.rb:189:in `process_action'
  actionpack (4.1.0) lib/action_controller/metal/rendering.rb:10:in `process_action'
  actionpack (4.1.0) lib/abstract_controller/callbacks.rb:20:in `block in process_action'
  activesupport (4.1.0) lib/active_support/callbacks.rb:113:in `call'
  activesupport (4.1.0) lib/active_support/callbacks.rb:229:in `block in halting'
  activesupport (4.1.0) lib/active_support/callbacks.rb:229:in `block in halting'
  activesupport (4.1.0) lib/active_support/callbacks.rb:166:in `block in halting'
  activesupport (4.1.0) lib/active_support/callbacks.rb:166:in `block in halting'
  activesupport (4.1.0) lib/active_support/callbacks.rb:86:in `run_callbacks'
  actionpack (4.1.0) lib/abstract_controller/callbacks.rb:19:in `process_action'
  actionpack (4.1.0) lib/action_controller/metal/rescue.rb:29:in `process_action'
  actionpack (4.1.0) lib/action_controller/metal/instrumentation.rb:31:in `block in process_action'
  activesupport (4.1.0) lib/active_support/notifications.rb:159:in `block in instrument'
  activesupport (4.1.0) lib/active_support/notifications/instrumenter.rb:20:in `instrument'
  activesupport (4.1.0) lib/active_support/notifications.rb:159:in `instrument'
  actionpack (4.1.0) lib/action_controller/metal/instrumentation.rb:30:in `process_action'
  actionpack (4.1.0) lib/action_controller/metal/params_wrapper.rb:250:in `process_action'
  actionpack (4.1.0) lib/abstract_controller/base.rb:136:in `process'
  actionview (4.1.0) lib/action_view/rendering.rb:30:in `process'
  actionpack (4.1.0) lib/action_controller/metal.rb:195:in `dispatch'
  actionpack (4.1.0) lib/action_controller/metal/rack_delegation.rb:13:in `dispatch'
  actionpack (4.1.0) lib/action_controller/metal.rb:231:in `block in action'
  actionpack (4.1.0) lib/action_dispatch/routing/route_set.rb:80:in `dispatch'
  actionpack (4.1.0) lib/action_dispatch/routing/route_set.rb:48:in `call'
  actionpack (4.1.0) lib/action_dispatch/journey/router.rb:71:in `block in call'
  actionpack (4.1.0) lib/action_dispatch/journey/router.rb:59:in `call'
  actionpack (4.1.0) lib/action_dispatch/routing/route_set.rb:676:in `call'
  omniauth (1.2.1) lib/omniauth/strategy.rb:186:in `call!'
  omniauth (1.2.1) lib/omniauth/strategy.rb:164:in `call'
  omniauth (1.2.1) lib/omniauth/strategy.rb:186:in `call!'
  omniauth (1.2.1) lib/omniauth/strategy.rb:164:in `call'
  omniauth (1.2.1) lib/omniauth/builder.rb:59:in `call'
   () Users/chuigwangming/.rvm/gems/ruby-2.1.1/bundler/gems/simple-captcha-ab5e8aa1e18d/lib/simple_captcha/middleware.rb:20:in `call'
  warden (1.2.3) lib/warden/manager.rb:35:in `block in call'
  warden (1.2.3) lib/warden/manager.rb:34:in `call'
  rack (1.5.2) lib/rack/etag.rb:23:in `call'
  rack (1.5.2) lib/rack/conditionalget.rb:25:in `call'
  rack (1.5.2) lib/rack/head.rb:11:in `call'
  actionpack (4.1.0) lib/action_dispatch/middleware/params_parser.rb:27:in `call'
  actionpack (4.1.0) lib/action_dispatch/middleware/flash.rb:254:in `call'
  rack (1.5.2) lib/rack/session/abstract/id.rb:225:in `context'
  rack (1.5.2) lib/rack/session/abstract/id.rb:220:in `call'
  actionpack (4.1.0) lib/action_dispatch/middleware/cookies.rb:560:in `call'
  actionpack (4.1.0) lib/action_dispatch/middleware/callbacks.rb:29:in `block in call'
  activesupport (4.1.0) lib/active_support/callbacks.rb:82:in `run_callbacks'
  actionpack (4.1.0) lib/action_dispatch/middleware/callbacks.rb:27:in `call'
  actionpack (4.1.0) lib/action_dispatch/middleware/reloader.rb:73:in `call'
  actionpack (4.1.0) lib/action_dispatch/middleware/remote_ip.rb:76:in `call'
  better_errors (1.1.0) lib/better_errors/middleware.rb:84:in `protected_app_call'
  better_errors (1.1.0) lib/better_errors/middleware.rb:79:in `better_errors_call'
  better_errors (1.1.0) lib/better_errors/middleware.rb:56:in `call'
  actionpack (4.1.0) lib/action_dispatch/middleware/debug_exceptions.rb:17:in `call'
  actionpack (4.1.0) lib/action_dispatch/middleware/show_exceptions.rb:30:in `call'
  railties (4.1.0) lib/rails/rack/logger.rb:38:in `call_app'
  railties (4.1.0) lib/rails/rack/logger.rb:20:in `block in call'
  activesupport (4.1.0) lib/active_support/tagged_logging.rb:68:in `block in tagged'
  activesupport (4.1.0) lib/active_support/tagged_logging.rb:26:in `tagged'
  activesupport (4.1.0) lib/active_support/tagged_logging.rb:68:in `tagged'
  railties (4.1.0) lib/rails/rack/logger.rb:20:in `call'
  quiet_assets (1.0.3) lib/quiet_assets.rb:23:in `call_with_quiet_assets'
  actionpack (4.1.0) lib/action_dispatch/middleware/request_id.rb:21:in `call'
  rack (1.5.2) lib/rack/methodoverride.rb:21:in `call'
  rack (1.5.2) lib/rack/runtime.rb:17:in `call'
  activesupport (4.1.0) lib/active_support/cache/strategy/local_cache_middleware.rb:26:in `call'
  rack (1.5.2) lib/rack/lock.rb:17:in `call'
  actionpack (4.1.0) lib/action_dispatch/middleware/static.rb:64:in `call'
  rack (1.5.2) lib/rack/sendfile.rb:112:in `call'
  railties (4.1.0) lib/rails/engine.rb:514:in `call'
  railties (4.1.0) lib/rails/application.rb:144:in `call'
  rack (1.5.2) lib/rack/content_length.rb:14:in `call'
  thin (1.6.2) lib/thin/connection.rb:86:in `block in pre_process'
  thin (1.6.2) lib/thin/connection.rb:84:in `pre_process'
  thin (1.6.2) lib/thin/connection.rb:53:in `process'
  thin (1.6.2) lib/thin/connection.rb:39:in `receive_data'
  eventmachine (1.0.3) lib/eventmachine.rb:187:in `run'
  thin (1.6.2) lib/thin/backends/base.rb:73:in `start'
  thin (1.6.2) lib/thin/server.rb:162:in `start'
  rack (1.5.2) lib/rack/handler/thin.rb:16:in `run'
  rack (1.5.2) lib/rack/server.rb:264:in `start'
  railties (4.1.0) lib/rails/commands/server.rb:69:in `start'
  railties (4.1.0) lib/rails/commands/commands_tasks.rb:81:in `block in server'
  railties (4.1.0) lib/rails/commands/commands_tasks.rb:76:in `server'
  railties (4.1.0) lib/rails/commands/commands_tasks.rb:40:in `run_command!'
  railties (4.1.0) lib/rails/commands.rb:17:in `<top (required)>'
  bin/rails:4:in `<main>'



Started POST "/__better_errors/70200545725900/variables" for 127.0.0.1 at 2014-06-24 13:09:44 +0800
DEPRECATION WARNING: devise :token_authenticatable is deprecated. Please check Devise 3.1 release notes for more information on how to upgrade. (called from <class:User> at /Volumes/Work/Workspace/rails/thespotnet/app/models/user.rb:10)
Overwriting existing field avatar in class User.


Started GET "/" for 127.0.0.1 at 2014-06-24 13:10:51 +0800
Processing by HomeController#index as HTML
  Rendered home/index.html.haml within layouts/application (3.3ms)
  Rendered layouts/_navigation.html.haml (7.1ms)
  Rendered layouts/_messages.html.haml (3.2ms)
  Rendered layouts/_footer.html.haml (1.8ms)
Completed 200 OK in 3047ms (Views: 3033.7ms)


Started GET "/" for 127.0.0.1 at 2014-06-24 13:11:25 +0800
Processing by HomeController#index as HTML
  Rendered home/index.html.haml within layouts/application (0.1ms)
  Rendered layouts/_navigation.html.haml (3.1ms)
  Rendered layouts/_messages.html.haml (0.1ms)
  Rendered layouts/_footer.html.haml (0.1ms)
Completed 200 OK in 15ms (Views: 14.7ms)
DEPRECATION WARNING: devise :token_authenticatable is deprecated. Please check Devise 3.1 release notes for more information on how to upgrade. (called from <class:User> at /Volumes/Work/Workspace/rails/thespotnet/app/models/user.rb:10)
Overwriting existing field avatar in class User.


Started GET "/" for 127.0.0.1 at 2014-06-24 13:19:12 +0800
Processing by HomeController#index as HTML
  Rendered home/index.html.haml within layouts/application (3.6ms)
  Rendered layouts/_navigation.html.haml (9.9ms)
  Rendered layouts/_messages.html.haml (2.2ms)
  Rendered layouts/_footer.html.haml (1.6ms)
Completed 200 OK in 2517ms (Views: 2503.7ms)


Started GET "/users/sign_in" for 127.0.0.1 at 2014-06-24 13:19:16 +0800
Processing by SessionsController#new as HTML
  Rendered devise/shared/_links.erb (1.4ms)
  Rendered devise/sessions/new.html.haml within layouts/application (102.6ms)
  Rendered layouts/_navigation.html.haml (0.6ms)
  Rendered layouts/_messages.html.haml (0.1ms)
  Rendered layouts/_footer.html.haml (0.1ms)
Completed 200 OK in 121ms (Views: 117.0ms)
